  Kolokwium2_MaksymPervov_GL13.cpp
C:\Users\Maksim\Documents\2 semestr\Podstawy algorytmiki\Kolokwium2_MaksymPervov_GL13\Kolokwium2_MaksymPervov_GL13.cpp(72,1): error C2011: 'element': 'struct' type redefinition
C:\Users\Maksim\Documents\2 semestr\Podstawy algorytmiki\Kolokwium2_MaksymPervov_GL13\Kolokwium2_MaksymPervov_GL13.cpp(25): message : see declaration of 'element'
C:\Users\Maksim\Documents\2 semestr\Podstawy algorytmiki\Kolokwium2_MaksymPervov_GL13\Kolokwium2_MaksymPervov_GL13.cpp(94,27): error C2027: use of undefined type 'element'
C:\Users\Maksim\Documents\2 semestr\Podstawy algorytmiki\Kolokwium2_MaksymPervov_GL13\Kolokwium2_MaksymPervov_GL13.cpp(25): message : see declaration of 'element'
C:\Users\Maksim\Documents\2 semestr\Podstawy algorytmiki\Kolokwium2_MaksymPervov_GL13\Kolokwium2_MaksymPervov_GL13.cpp(95,4): error C2027: use of undefined type 'element'
C:\Users\Maksim\Documents\2 semestr\Podstawy algorytmiki\Kolokwium2_MaksymPervov_GL13\Kolokwium2_MaksymPervov_GL13.cpp(25): message : see declaration of 'element'
C:\Users\Maksim\Documents\2 semestr\Podstawy algorytmiki\Kolokwium2_MaksymPervov_GL13\Kolokwium2_MaksymPervov_GL13.cpp(96,4): error C2027: use of undefined type 'element'
C:\Users\Maksim\Documents\2 semestr\Podstawy algorytmiki\Kolokwium2_MaksymPervov_GL13\Kolokwium2_MaksymPervov_GL13.cpp(25): message : see declaration of 'element'
C:\Users\Maksim\Documents\2 semestr\Podstawy algorytmiki\Kolokwium2_MaksymPervov_GL13\Kolokwium2_MaksymPervov_GL13.cpp(99,9): error C2027: use of undefined type 'element'
C:\Users\Maksim\Documents\2 semestr\Podstawy algorytmiki\Kolokwium2_MaksymPervov_GL13\Kolokwium2_MaksymPervov_GL13.cpp(25): message : see declaration of 'element'
C:\Users\Maksim\Documents\2 semestr\Podstawy algorytmiki\Kolokwium2_MaksymPervov_GL13\Kolokwium2_MaksymPervov_GL13.cpp(111,17): error C2027: use of undefined type 'element'
C:\Users\Maksim\Documents\2 semestr\Podstawy algorytmiki\Kolokwium2_MaksymPervov_GL13\Kolokwium2_MaksymPervov_GL13.cpp(25): message : see declaration of 'element'
C:\Users\Maksim\Documents\2 semestr\Podstawy algorytmiki\Kolokwium2_MaksymPervov_GL13\Kolokwium2_MaksymPervov_GL13.cpp(112,13): warning C4150: deletion of pointer to incomplete type 'element'; no destructor called
C:\Users\Maksim\Documents\2 semestr\Podstawy algorytmiki\Kolokwium2_MaksymPervov_GL13\Kolokwium2_MaksymPervov_GL13.cpp(25): message : see declaration of 'element'
C:\Users\Maksim\Documents\2 semestr\Podstawy algorytmiki\Kolokwium2_MaksymPervov_GL13\Kolokwium2_MaksymPervov_GL13.cpp(135,15): error C2027: use of undefined type 'element'
C:\Users\Maksim\Documents\2 semestr\Podstawy algorytmiki\Kolokwium2_MaksymPervov_GL13\Kolokwium2_MaksymPervov_GL13.cpp(25): message : see declaration of 'element'
C:\Users\Maksim\Documents\2 semestr\Podstawy algorytmiki\Kolokwium2_MaksymPervov_GL13\Kolokwium2_MaksymPervov_GL13.cpp(155,30): error C2027: use of undefined type 'element'
C:\Users\Maksim\Documents\2 semestr\Podstawy algorytmiki\Kolokwium2_MaksymPervov_GL13\Kolokwium2_MaksymPervov_GL13.cpp(140): message : see declaration of 'element'
C:\Users\Maksim\Documents\2 semestr\Podstawy algorytmiki\Kolokwium2_MaksymPervov_GL13\Kolokwium2_MaksymPervov_GL13.cpp(156,7): error C2027: use of undefined type 'element'
C:\Users\Maksim\Documents\2 semestr\Podstawy algorytmiki\Kolokwium2_MaksymPervov_GL13\Kolokwium2_MaksymPervov_GL13.cpp(140): message : see declaration of 'element'
C:\Users\Maksim\Documents\2 semestr\Podstawy algorytmiki\Kolokwium2_MaksymPervov_GL13\Kolokwium2_MaksymPervov_GL13.cpp(157,7): error C2027: use of undefined type 'element'
C:\Users\Maksim\Documents\2 semestr\Podstawy algorytmiki\Kolokwium2_MaksymPervov_GL13\Kolokwium2_MaksymPervov_GL13.cpp(140): message : see declaration of 'element'
C:\Users\Maksim\Documents\2 semestr\Podstawy algorytmiki\Kolokwium2_MaksymPervov_GL13\Kolokwium2_MaksymPervov_GL13.cpp(164,30): error C2027: use of undefined type 'element'
C:\Users\Maksim\Documents\2 semestr\Podstawy algorytmiki\Kolokwium2_MaksymPervov_GL13\Kolokwium2_MaksymPervov_GL13.cpp(140): message : see declaration of 'element'
C:\Users\Maksim\Documents\2 semestr\Podstawy algorytmiki\Kolokwium2_MaksymPervov_GL13\Kolokwium2_MaksymPervov_GL13.cpp(165,7): error C2027: use of undefined type 'element'
C:\Users\Maksim\Documents\2 semestr\Podstawy algorytmiki\Kolokwium2_MaksymPervov_GL13\Kolokwium2_MaksymPervov_GL13.cpp(140): message : see declaration of 'element'
C:\Users\Maksim\Documents\2 semestr\Podstawy algorytmiki\Kolokwium2_MaksymPervov_GL13\Kolokwium2_MaksymPervov_GL13.cpp(167,53): error C2027: use of undefined type 'element'
C:\Users\Maksim\Documents\2 semestr\Podstawy algorytmiki\Kolokwium2_MaksymPervov_GL13\Kolokwium2_MaksymPervov_GL13.cpp(140): message : see declaration of 'element'
C:\Users\Maksim\Documents\2 semestr\Podstawy algorytmiki\Kolokwium2_MaksymPervov_GL13\Kolokwium2_MaksymPervov_GL13.cpp(168,7): error C2027: use of undefined type 'element'
C:\Users\Maksim\Documents\2 semestr\Podstawy algorytmiki\Kolokwium2_MaksymPervov_GL13\Kolokwium2_MaksymPervov_GL13.cpp(140): message : see declaration of 'element'
C:\Users\Maksim\Documents\2 semestr\Podstawy algorytmiki\Kolokwium2_MaksymPervov_GL13\Kolokwium2_MaksymPervov_GL13.cpp(168,20): error C2027: use of undefined type 'element'
C:\Users\Maksim\Documents\2 semestr\Podstawy algorytmiki\Kolokwium2_MaksymPervov_GL13\Kolokwium2_MaksymPervov_GL13.cpp(140): message : see declaration of 'element'
C:\Users\Maksim\Documents\2 semestr\Podstawy algorytmiki\Kolokwium2_MaksymPervov_GL13\Kolokwium2_MaksymPervov_GL13.cpp(169,9): error C2027: use of undefined type 'element'
C:\Users\Maksim\Documents\2 semestr\Podstawy algorytmiki\Kolokwium2_MaksymPervov_GL13\Kolokwium2_MaksymPervov_GL13.cpp(140): message : see declaration of 'element'
C:\Users\Maksim\Documents\2 semestr\Podstawy algorytmiki\Kolokwium2_MaksymPervov_GL13\Kolokwium2_MaksymPervov_GL13.cpp(174,30): error C2027: use of undefined type 'element'
C:\Users\Maksim\Documents\2 semestr\Podstawy algorytmiki\Kolokwium2_MaksymPervov_GL13\Kolokwium2_MaksymPervov_GL13.cpp(140): message : see declaration of 'element'
C:\Users\Maksim\Documents\2 semestr\Podstawy algorytmiki\Kolokwium2_MaksymPervov_GL13\Kolokwium2_MaksymPervov_GL13.cpp(175,7): error C2027: use of undefined type 'element'
C:\Users\Maksim\Documents\2 semestr\Podstawy algorytmiki\Kolokwium2_MaksymPervov_GL13\Kolokwium2_MaksymPervov_GL13.cpp(140): message : see declaration of 'element'
C:\Users\Maksim\Documents\2 semestr\Podstawy algorytmiki\Kolokwium2_MaksymPervov_GL13\Kolokwium2_MaksymPervov_GL13.cpp(176,7): error C2027: use of undefined type 'element'
C:\Users\Maksim\Documents\2 semestr\Podstawy algorytmiki\Kolokwium2_MaksymPervov_GL13\Kolokwium2_MaksymPervov_GL13.cpp(140): message : see declaration of 'element'
C:\Users\Maksim\Documents\2 semestr\Podstawy algorytmiki\Kolokwium2_MaksymPervov_GL13\Kolokwium2_MaksymPervov_GL13.cpp(177,34): error C2027: use of undefined type 'element'
C:\Users\Maksim\Documents\2 semestr\Podstawy algorytmiki\Kolokwium2_MaksymPervov_GL13\Kolokwium2_MaksymPervov_GL13.cpp(140): message : see declaration of 'element'
C:\Users\Maksim\Documents\2 semestr\Podstawy algorytmiki\Kolokwium2_MaksymPervov_GL13\Kolokwium2_MaksymPervov_GL13.cpp(185,20): error C2027: use of undefined type 'element'
C:\Users\Maksim\Documents\2 semestr\Podstawy algorytmiki\Kolokwium2_MaksymPervov_GL13\Kolokwium2_MaksymPervov_GL13.cpp(140): message : see declaration of 'element'
C:\Users\Maksim\Documents\2 semestr\Podstawy algorytmiki\Kolokwium2_MaksymPervov_GL13\Kolokwium2_MaksymPervov_GL13.cpp(187,16): warning C4150: deletion of pointer to incomplete type 'element'; no destructor called
C:\Users\Maksim\Documents\2 semestr\Podstawy algorytmiki\Kolokwium2_MaksymPervov_GL13\Kolokwium2_MaksymPervov_GL13.cpp(140): message : see declaration of 'element'
C:\Users\Maksim\Documents\2 semestr\Podstawy algorytmiki\Kolokwium2_MaksymPervov_GL13\Kolokwium2_MaksymPervov_GL13.cpp(193,55): error C2027: use of undefined type 'element'
C:\Users\Maksim\Documents\2 semestr\Podstawy algorytmiki\Kolokwium2_MaksymPervov_GL13\Kolokwium2_MaksymPervov_GL13.cpp(140): message : see declaration of 'element'
C:\Users\Maksim\Documents\2 semestr\Podstawy algorytmiki\Kolokwium2_MaksymPervov_GL13\Kolokwium2_MaksymPervov_GL13.cpp(194,25): error C2027: use of undefined type 'element'
C:\Users\Maksim\Documents\2 semestr\Podstawy algorytmiki\Kolokwium2_MaksymPervov_GL13\Kolokwium2_MaksymPervov_GL13.cpp(140): message : see declaration of 'element'
C:\Users\Maksim\Documents\2 semestr\Podstawy algorytmiki\Kolokwium2_MaksymPervov_GL13\Kolokwium2_MaksymPervov_GL13.cpp(195,9): error C2027: use of undefined type 'element'
C:\Users\Maksim\Documents\2 semestr\Podstawy algorytmiki\Kolokwium2_MaksymPervov_GL13\Kolokwium2_MaksymPervov_GL13.cpp(140): message : see declaration of 'element'
C:\Users\Maksim\Documents\2 semestr\Podstawy algorytmiki\Kolokwium2_MaksymPervov_GL13\Kolokwium2_MaksymPervov_GL13.cpp(195,22): error C2027: use of undefined type 'element'
C:\Users\Maksim\Documents\2 semestr\Podstawy algorytmiki\Kolokwium2_MaksymPervov_GL13\Kolokwium2_MaksymPervov_GL13.cpp(140): message : see declaration of 'element'
C:\Users\Maksim\Documents\2 semestr\Podstawy algorytmiki\Kolokwium2_MaksymPervov_GL13\Kolokwium2_MaksymPervov_GL13.cpp(196,16): warning C4150: deletion of pointer to incomplete type 'element'; no destructor called
C:\Users\Maksim\Documents\2 semestr\Podstawy algorytmiki\Kolokwium2_MaksymPervov_GL13\Kolokwium2_MaksymPervov_GL13.cpp(140): message : see declaration of 'element'
C:\Users\Maksim\Documents\2 semestr\Podstawy algorytmiki\Kolokwium2_MaksymPervov_GL13\Kolokwium2_MaksymPervov_GL13.cpp(211,32): error C2027: use of undefined type 'element'
C:\Users\Maksim\Documents\2 semestr\Podstawy algorytmiki\Kolokwium2_MaksymPervov_GL13\Kolokwium2_MaksymPervov_GL13.cpp(140): message : see declaration of 'element'
C:\Users\Maksim\Documents\2 semestr\Podstawy algorytmiki\Kolokwium2_MaksymPervov_GL13\Kolokwium2_MaksymPervov_GL13.cpp(213,15): error C2027: use of undefined type 'element'
C:\Users\Maksim\Documents\2 semestr\Podstawy algorytmiki\Kolokwium2_MaksymPervov_GL13\Kolokwium2_MaksymPervov_GL13.cpp(140): message : see declaration of 'element'
C:\Users\Maksim\Documents\2 semestr\Podstawy algorytmiki\Kolokwium2_MaksymPervov_GL13\Kolokwium2_MaksymPervov_GL13.cpp(215,16): warning C4150: deletion of pointer to incomplete type 'element'; no destructor called
C:\Users\Maksim\Documents\2 semestr\Podstawy algorytmiki\Kolokwium2_MaksymPervov_GL13\Kolokwium2_MaksymPervov_GL13.cpp(140): message : see declaration of 'element'
C:\Users\Maksim\Documents\2 semestr\Podstawy algorytmiki\Kolokwium2_MaksymPervov_GL13\Kolokwium2_MaksymPervov_GL13.cpp(235,63): error C2027: use of undefined type 'element'
C:\Users\Maksim\Documents\2 semestr\Podstawy algorytmiki\Kolokwium2_MaksymPervov_GL13\Kolokwium2_MaksymPervov_GL13.cpp(140): message : see declaration of 'element'
C:\Users\Maksim\Documents\2 semestr\Podstawy algorytmiki\Kolokwium2_MaksymPervov_GL13\Kolokwium2_MaksymPervov_GL13.cpp(241,65): error C2027: use of undefined type 'element'
C:\Users\Maksim\Documents\2 semestr\Podstawy algorytmiki\Kolokwium2_MaksymPervov_GL13\Kolokwium2_MaksymPervov_GL13.cpp(140): message : see declaration of 'element'
C:\Users\Maksim\Documents\2 semestr\Podstawy algorytmiki\Kolokwium2_MaksymPervov_GL13\Kolokwium2_MaksymPervov_GL13.cpp(249,35): error C2027: use of undefined type 'element'
C:\Users\Maksim\Documents\2 semestr\Podstawy algorytmiki\Kolokwium2_MaksymPervov_GL13\Kolokwium2_MaksymPervov_GL13.cpp(140): message : see declaration of 'element'
C:\Users\Maksim\Documents\2 semestr\Podstawy algorytmiki\Kolokwium2_MaksymPervov_GL13\Kolokwium2_MaksymPervov_GL13.cpp(250,12): error C2665: 'czyPusty': none of the 2 overloads could convert all the argument types
C:\Users\Maksim\Documents\2 semestr\Podstawy algorytmiki\Kolokwium2_MaksymPervov_GL13\Kolokwium2_MaksymPervov_GL13.cpp(218,5): message : could be 'int czyPusty(single_list &)'
C:\Users\Maksim\Documents\2 semestr\Podstawy algorytmiki\Kolokwium2_MaksymPervov_GL13\Kolokwium2_MaksymPervov_GL13.cpp(119,5): message : or       'int czyPusty(queue)'
C:\Users\Maksim\Documents\2 semestr\Podstawy algorytmiki\Kolokwium2_MaksymPervov_GL13\Kolokwium2_MaksymPervov_GL13.cpp(250,12): message : while trying to match the argument list '(element)'
C:\Users\Maksim\Documents\2 semestr\Podstawy algorytmiki\Kolokwium2_MaksymPervov_GL13\Kolokwium2_MaksymPervov_GL13.cpp(251,24): error C2027: use of undefined type 'element'
C:\Users\Maksim\Documents\2 semestr\Podstawy algorytmiki\Kolokwium2_MaksymPervov_GL13\Kolokwium2_MaksymPervov_GL13.cpp(140): message : see declaration of 'element'
C:\Users\Maksim\Documents\2 semestr\Podstawy algorytmiki\Kolokwium2_MaksymPervov_GL13\Kolokwium2_MaksymPervov_GL13.cpp(280,30): error C2027: use of undefined type 'element'
C:\Users\Maksim\Documents\2 semestr\Podstawy algorytmiki\Kolokwium2_MaksymPervov_GL13\Kolokwium2_MaksymPervov_GL13.cpp(257): message : see declaration of 'element'
C:\Users\Maksim\Documents\2 semestr\Podstawy algorytmiki\Kolokwium2_MaksymPervov_GL13\Kolokwium2_MaksymPervov_GL13.cpp(281,7): error C2027: use of undefined type 'element'
C:\Users\Maksim\Documents\2 semestr\Podstawy algorytmiki\Kolokwium2_MaksymPervov_GL13\Kolokwium2_MaksymPervov_GL13.cpp(257): message : see declaration of 'element'
C:\Users\Maksim\Documents\2 semestr\Podstawy algorytmiki\Kolokwium2_MaksymPervov_GL13\Kolokwium2_MaksymPervov_GL13.cpp(282,7): error C2027: use of undefined type 'element'
C:\Users\Maksim\Documents\2 semestr\Podstawy algorytmiki\Kolokwium2_MaksymPervov_GL13\Kolokwium2_MaksymPervov_GL13.cpp(257): message : see declaration of 'element'
C:\Users\Maksim\Documents\2 semestr\Podstawy algorytmiki\Kolokwium2_MaksymPervov_GL13\Kolokwium2_MaksymPervov_GL13.cpp(283,7): error C2027: use of undefined type 'element'
C:\Users\Maksim\Documents\2 semestr\Podstawy algorytmiki\Kolokwium2_MaksymPervov_GL13\Kolokwium2_MaksymPervov_GL13.cpp(257): message : see declaration of 'element'
C:\Users\Maksim\Documents\2 semestr\Podstawy algorytmiki\Kolokwium2_MaksymPervov_GL13\Kolokwium2_MaksymPervov_GL13.cpp(287,15): error C2027: use of undefined type 'element'
C:\Users\Maksim\Documents\2 semestr\Podstawy algorytmiki\Kolokwium2_MaksymPervov_GL13\Kolokwium2_MaksymPervov_GL13.cpp(257): message : see declaration of 'element'
C:\Users\Maksim\Documents\2 semestr\Podstawy algorytmiki\Kolokwium2_MaksymPervov_GL13\Kolokwium2_MaksymPervov_GL13.cpp(288,11): error C2027: use of undefined type 'element'
C:\Users\Maksim\Documents\2 semestr\Podstawy algorytmiki\Kolokwium2_MaksymPervov_GL13\Kolokwium2_MaksymPervov_GL13.cpp(257): message : see declaration of 'element'
C:\Users\Maksim\Documents\2 semestr\Podstawy algorytmiki\Kolokwium2_MaksymPervov_GL13\Kolokwium2_MaksymPervov_GL13.cpp(297,53): error C2027: use of undefined type 'element'
C:\Users\Maksim\Documents\2 semestr\Podstawy algorytmiki\Kolokwium2_MaksymPervov_GL13\Kolokwium2_MaksymPervov_GL13.cpp(257): message : see declaration of 'element'
C:\Users\Maksim\Documents\2 semestr\Podstawy algorytmiki\Kolokwium2_MaksymPervov_GL13\Kolokwium2_MaksymPervov_GL13.cpp(298,30): error C2027: use of undefined type 'element'
C:\Users\Maksim\Documents\2 semestr\Podstawy algorytmiki\Kolokwium2_MaksymPervov_GL13\Kolokwium2_MaksymPervov_GL13.cpp(257): message : see declaration of 'element'
C:\Users\Maksim\Documents\2 semestr\Podstawy algorytmiki\Kolokwium2_MaksymPervov_GL13\Kolokwium2_MaksymPervov_GL13.cpp(299,7): error C2027: use of undefined type 'element'
C:\Users\Maksim\Documents\2 semestr\Podstawy algorytmiki\Kolokwium2_MaksymPervov_GL13\Kolokwium2_MaksymPervov_GL13.cpp(257): message : see declaration of 'element'
C:\Users\Maksim\Documents\2 semestr\Podstawy algorytmiki\Kolokwium2_MaksymPervov_GL13\Kolokwium2_MaksymPervov_GL13.cpp(300,7): error C2027: use of undefined type 'element'
C:\Users\Maksim\Documents\2 semestr\Podstawy algorytmiki\Kolokwium2_MaksymPervov_GL13\Kolokwium2_MaksymPervov_GL13.cpp(257): message : see declaration of 'element'
C:\Users\Maksim\Documents\2 semestr\Podstawy algorytmiki\Kolokwium2_MaksymPervov_GL13\Kolokwium2_MaksymPervov_GL13.cpp(301,7): error C2027: use of undefined type 'element'
C:\Users\Maksim\Documents\2 semestr\Podstawy algorytmiki\Kolokwium2_MaksymPervov_GL13\Kolokwium2_MaksymPervov_GL13.cpp(257): message : see declaration of 'element'
C:\Users\Maksim\Documents\2 semestr\Podstawy algorytmiki\Kolokwium2_MaksymPervov_GL13\Kolokwium2_MaksymPervov_GL13.cpp(301,20): error C2027: use of undefined type 'element'
C:\Users\Maksim\Documents\2 semestr\Podstawy algorytmiki\Kolokwium2_MaksymPervov_GL13\Kolokwium2_MaksymPervov_GL13.cpp(257): message : see declaration of 'element'
C:\Users\Maksim\Documents\2 semestr\Podstawy algorytmiki\Kolokwium2_MaksymPervov_GL13\Kolokwium2_MaksymPervov_GL13.cpp(302,9): error C2027: use of undefined type 'element'
C:\Users\Maksim\Documents\2 semestr\Podstawy algorytmiki\Kolokwium2_MaksymPervov_GL13\Kolokwium2_MaksymPervov_GL13.cpp(257): message : see declaration of 'element'
C:\Users\Maksim\Documents\2 semestr\Podstawy algorytmiki\Kolokwium2_MaksymPervov_GL13\Kolokwium2_MaksymPervov_GL13.cpp(303,9): error C2027: use of undefined type 'element'
C:\Users\Maksim\Documents\2 semestr\Podstawy algorytmiki\Kolokwium2_MaksymPervov_GL13\Kolokwium2_MaksymPervov_GL13.cpp(257): message : see declaration of 'element'
C:\Users\Maksim\Documents\2 semestr\Podstawy algorytmiki\Kolokwium2_MaksymPervov_GL13\Kolokwium2_MaksymPervov_GL13.cpp(308,30): error C2027: use of undefined type 'element'
C:\Users\Maksim\Documents\2 semestr\Podstawy algorytmiki\Kolokwium2_MaksymPervov_GL13\Kolokwium2_MaksymPervov_GL13.cpp(257): message : see declaration of 'element'
C:\Users\Maksim\Documents\2 semestr\Podstawy algorytmiki\Kolokwium2_MaksymPervov_GL13\Kolokwium2_MaksymPervov_GL13.cpp(309,7): error C2027: use of undefined type 'element'
C:\Users\Maksim\Documents\2 semestr\Podstawy algorytmiki\Kolokwium2_MaksymPervov_GL13\Kolokwium2_MaksymPervov_GL13.cpp(257): message : see declaration of 'element'
C:\Users\Maksim\Documents\2 semestr\Podstawy algorytmiki\Kolokwium2_MaksymPervov_GL13\Kolokwium2_MaksymPervov_GL13.cpp(310,7): error C2027: use of undefined type 'element'
C:\Users\Maksim\Documents\2 semestr\Podstawy algorytmiki\Kolokwium2_MaksymPervov_GL13\Kolokwium2_MaksymPervov_GL13.cpp(257): message : see declaration of 'element'
C:\Users\Maksim\Documents\2 semestr\Podstawy algorytmiki\Kolokwium2_MaksymPervov_GL13\Kolokwium2_MaksymPervov_GL13.cpp(311,7): error C2027: use of undefined type 'element'
C:\Users\Maksim\Documents\2 semestr\Podstawy algorytmiki\Kolokwium2_MaksymPervov_GL13\Kolokwium2_MaksymPervov_GL13.cpp(257): message : see declaration of 'element'
C:\Users\Maksim\Documents\2 semestr\Podstawy algorytmiki\Kolokwium2_MaksymPervov_GL13\Kolokwium2_MaksymPervov_GL13.cpp(314,15): error C2027: use of undefined type 'element'
C:\Users\Maksim\Documents\2 semestr\Podstawy algorytmiki\Kolokwium2_MaksymPervov_GL13\Kolokwium2_MaksymPervov_GL13.cpp(257): message : see declaration of 'element'
C:\Users\Maksim\Documents\2 semestr\Podstawy algorytmiki\Kolokwium2_MaksymPervov_GL13\Kolokwium2_MaksymPervov_GL13.cpp(315,11): error C2027: use of undefined type 'element'
C:\Users\Maksim\Documents\2 semestr\Podstawy algorytmiki\Kolokwium2_MaksymPervov_GL13\Kolokwium2_MaksymPervov_GL13.cpp(257): message : see declaration of 'element'
C:\Users\Maksim\Documents\2 semestr\Podstawy algorytmiki\Kolokwium2_MaksymPervov_GL13\Kolokwium2_MaksymPervov_GL13.cpp(331,24): error C2027: use of undefined type 'element'
C:\Users\Maksim\Documents\2 semestr\Podstawy algorytmiki\Kolokwium2_MaksymPervov_GL13\Kolokwium2_MaksymPervov_GL13.cpp(257): message : see declaration of 'element'
C:\Users\Maksim\Documents\2 semestr\Podstawy algorytmiki\Kolokwium2_MaksymPervov_GL13\Kolokwium2_MaksymPervov_GL13.cpp(332,15): error C2027: use of undefined type 'element'
C:\Users\Maksim\Documents\2 semestr\Podstawy algorytmiki\Kolokwium2_MaksymPervov_GL13\Kolokwium2_MaksymPervov_GL13.cpp(257): message : see declaration of 'element'
C:\Users\Maksim\Documents\2 semestr\Podstawy algorytmiki\Kolokwium2_MaksymPervov_GL13\Kolokwium2_MaksymPervov_GL13.cpp(334,16): warning C4150: deletion of pointer to incomplete type 'element'; no destructor called
C:\Users\Maksim\Documents\2 semestr\Podstawy algorytmiki\Kolokwium2_MaksymPervov_GL13\Kolokwium2_MaksymPervov_GL13.cpp(257): message : see declaration of 'element'
C:\Users\Maksim\Documents\2 semestr\Podstawy algorytmiki\Kolokwium2_MaksymPervov_GL13\Kolokwium2_MaksymPervov_GL13.cpp(340,53): error C2027: use of undefined type 'element'
C:\Users\Maksim\Documents\2 semestr\Podstawy algorytmiki\Kolokwium2_MaksymPervov_GL13\Kolokwium2_MaksymPervov_GL13.cpp(257): message : see declaration of 'element'
C:\Users\Maksim\Documents\2 semestr\Podstawy algorytmiki\Kolokwium2_MaksymPervov_GL13\Kolokwium2_MaksymPervov_GL13.cpp(341,28): error C2027: use of undefined type 'element'
C:\Users\Maksim\Documents\2 semestr\Podstawy algorytmiki\Kolokwium2_MaksymPervov_GL13\Kolokwium2_MaksymPervov_GL13.cpp(257): message : see declaration of 'element'
C:\Users\Maksim\Documents\2 semestr\Podstawy algorytmiki\Kolokwium2_MaksymPervov_GL13\Kolokwium2_MaksymPervov_GL13.cpp(342,9): error C2027: use of undefined type 'element'
C:\Users\Maksim\Documents\2 semestr\Podstawy algorytmiki\Kolokwium2_MaksymPervov_GL13\Kolokwium2_MaksymPervov_GL13.cpp(257): message : see declaration of 'element'
C:\Users\Maksim\Documents\2 semestr\Podstawy algorytmiki\Kolokwium2_MaksymPervov_GL13\Kolokwium2_MaksymPervov_GL13.cpp(342,25): error C2027: use of undefined type 'element'
C:\Users\Maksim\Documents\2 semestr\Podstawy algorytmiki\Kolokwium2_MaksymPervov_GL13\Kolokwium2_MaksymPervov_GL13.cpp(257): message : see declaration of 'element'
C:\Users\Maksim\Documents\2 semestr\Podstawy algorytmiki\Kolokwium2_MaksymPervov_GL13\Kolokwium2_MaksymPervov_GL13.cpp(343,9): error C2027: use of undefined type 'element'
C:\Users\Maksim\Documents\2 semestr\Podstawy algorytmiki\Kolokwium2_MaksymPervov_GL13\Kolokwium2_MaksymPervov_GL13.cpp(257): message : see declaration of 'element'
C:\Users\Maksim\Documents\2 semestr\Podstawy algorytmiki\Kolokwium2_MaksymPervov_GL13\Kolokwium2_MaksymPervov_GL13.cpp(344,19): warning C4150: deletion of pointer to incomplete type 'element'; no destructor called
C:\Users\Maksim\Documents\2 semestr\Podstawy algorytmiki\Kolokwium2_MaksymPervov_GL13\Kolokwium2_MaksymPervov_GL13.cpp(257): message : see declaration of 'element'
C:\Users\Maksim\Documents\2 semestr\Podstawy algorytmiki\Kolokwium2_MaksymPervov_GL13\Kolokwium2_MaksymPervov_GL13.cpp(357,24): error C2027: use of undefined type 'element'
C:\Users\Maksim\Documents\2 semestr\Podstawy algorytmiki\Kolokwium2_MaksymPervov_GL13\Kolokwium2_MaksymPervov_GL13.cpp(257): message : see declaration of 'element'
C:\Users\Maksim\Documents\2 semestr\Podstawy algorytmiki\Kolokwium2_MaksymPervov_GL13\Kolokwium2_MaksymPervov_GL13.cpp(358,15): error C2027: use of undefined type 'element'
C:\Users\Maksim\Documents\2 semestr\Podstawy algorytmiki\Kolokwium2_MaksymPervov_GL13\Kolokwium2_MaksymPervov_GL13.cpp(257): message : see declaration of 'element'
C:\Users\Maksim\Documents\2 semestr\Podstawy algorytmiki\Kolokwium2_MaksymPervov_GL13\Kolokwium2_MaksymPervov_GL13.cpp(360,16): warning C4150: deletion of pointer to incomplete type 'element'; no destructor called
C:\Users\Maksim\Documents\2 semestr\Podstawy algorytmiki\Kolokwium2_MaksymPervov_GL13\Kolokwium2_MaksymPervov_GL13.cpp(257): message : see declaration of 'element'
C:\Users\Maksim\Documents\2 semestr\Podstawy algorytmiki\Kolokwium2_MaksymPervov_GL13\Kolokwium2_MaksymPervov_GL13.cpp(371,6): error C2027: use of undefined type 'element'
C:\Users\Maksim\Documents\2 semestr\Podstawy algorytmiki\Kolokwium2_MaksymPervov_GL13\Kolokwium2_MaksymPervov_GL13.cpp(257): message : see declaration of 'element'
C:\Users\Maksim\Documents\2 semestr\Podstawy algorytmiki\Kolokwium2_MaksymPervov_GL13\Kolokwium2_MaksymPervov_GL13.cpp(373,8): error C2027: use of undefined type 'element'
C:\Users\Maksim\Documents\2 semestr\Podstawy algorytmiki\Kolokwium2_MaksymPervov_GL13\Kolokwium2_MaksymPervov_GL13.cpp(257): message : see declaration of 'element'
C:\Users\Maksim\Documents\2 semestr\Podstawy algorytmiki\Kolokwium2_MaksymPervov_GL13\Kolokwium2_MaksymPervov_GL13.cpp(388,39): error C2027: use of undefined type 'element'
C:\Users\Maksim\Documents\2 semestr\Podstawy algorytmiki\Kolokwium2_MaksymPervov_GL13\Kolokwium2_MaksymPervov_GL13.cpp(257): message : see declaration of 'element'
C:\Users\Maksim\Documents\2 semestr\Podstawy algorytmiki\Kolokwium2_MaksymPervov_GL13\Kolokwium2_MaksymPervov_GL13.cpp(389,16): error C2664: 'bool czyPusty_element(element)': cannot convert argument 1 from 'element' to 'element'
C:\Users\Maksim\Documents\2 semestr\Podstawy algorytmiki\Kolokwium2_MaksymPervov_GL13\Kolokwium2_MaksymPervov_GL13.cpp(389,16): message : use of undefined type 'element'
C:\Users\Maksim\Documents\2 semestr\Podstawy algorytmiki\Kolokwium2_MaksymPervov_GL13\Kolokwium2_MaksymPervov_GL13.cpp(257,8): message : see declaration of 'element'
C:\Users\Maksim\Documents\2 semestr\Podstawy algorytmiki\Kolokwium2_MaksymPervov_GL13\Kolokwium2_MaksymPervov_GL13.cpp(371,6): message : see declaration of 'czyPusty_element'
C:\Users\Maksim\Documents\2 semestr\Podstawy algorytmiki\Kolokwium2_MaksymPervov_GL13\Kolokwium2_MaksymPervov_GL13.cpp(390,28): error C2027: use of undefined type 'element'
C:\Users\Maksim\Documents\2 semestr\Podstawy algorytmiki\Kolokwium2_MaksymPervov_GL13\Kolokwium2_MaksymPervov_GL13.cpp(257): message : see declaration of 'element'
C:\Users\Maksim\Documents\2 semestr\Podstawy algorytmiki\Kolokwium2_MaksymPervov_GL13\Kolokwium2_MaksymPervov_GL13.cpp(398,51): error C2027: use of undefined type 'element'
C:\Users\Maksim\Documents\2 semestr\Podstawy algorytmiki\Kolokwium2_MaksymPervov_GL13\Kolokwium2_MaksymPervov_GL13.cpp(257): message : see declaration of 'element'
C:\Users\Maksim\Documents\2 semestr\Podstawy algorytmiki\Kolokwium2_MaksymPervov_GL13\Kolokwium2_MaksymPervov_GL13.cpp(399,16): error C2027: use of undefined type 'element'
C:\Users\Maksim\Documents\2 semestr\Podstawy algorytmiki\Kolokwium2_MaksymPervov_GL13\Kolokwium2_MaksymPervov_GL13.cpp(257): message : see declaration of 'element'
C:\Users\Maksim\Documents\2 semestr\Podstawy algorytmiki\Kolokwium2_MaksymPervov_GL13\Kolokwium2_MaksymPervov_GL13.cpp(400,28): error C2027: use of undefined type 'element'
C:\Users\Maksim\Documents\2 semestr\Podstawy algorytmiki\Kolokwium2_MaksymPervov_GL13\Kolokwium2_MaksymPervov_GL13.cpp(257): message : see declaration of 'element'
C:\Users\Maksim\Documents\2 semestr\Podstawy algorytmiki\Kolokwium2_MaksymPervov_GL13\Kolokwium2_MaksymPervov_GL13.cpp(411,12): error C2027: use of undefined type 'element'
C:\Users\Maksim\Documents\2 semestr\Podstawy algorytmiki\Kolokwium2_MaksymPervov_GL13\Kolokwium2_MaksymPervov_GL13.cpp(257): message : see declaration of 'element'
C:\Users\Maksim\Documents\2 semestr\Podstawy algorytmiki\Kolokwium2_MaksymPervov_GL13\Kolokwium2_MaksymPervov_GL13.cpp(412,23): error C2027: use of undefined type 'element'
C:\Users\Maksim\Documents\2 semestr\Podstawy algorytmiki\Kolokwium2_MaksymPervov_GL13\Kolokwium2_MaksymPervov_GL13.cpp(257): message : see declaration of 'element'
C:\Users\Maksim\Documents\2 semestr\Podstawy algorytmiki\Kolokwium2_MaksymPervov_GL13\Kolokwium2_MaksymPervov_GL13.cpp(414,12): error C2664: 'bool czyPusty_element(element)': cannot convert argument 1 from 'element' to 'element'
C:\Users\Maksim\Documents\2 semestr\Podstawy algorytmiki\Kolokwium2_MaksymPervov_GL13\Kolokwium2_MaksymPervov_GL13.cpp(414,12): message : use of undefined type 'element'
C:\Users\Maksim\Documents\2 semestr\Podstawy algorytmiki\Kolokwium2_MaksymPervov_GL13\Kolokwium2_MaksymPervov_GL13.cpp(257,8): message : see declaration of 'element'
C:\Users\Maksim\Documents\2 semestr\Podstawy algorytmiki\Kolokwium2_MaksymPervov_GL13\Kolokwium2_MaksymPervov_GL13.cpp(371,6): message : see declaration of 'czyPusty_element'
C:\Users\Maksim\Documents\2 semestr\Podstawy algorytmiki\Kolokwium2_MaksymPervov_GL13\Kolokwium2_MaksymPervov_GL13.cpp(415,24): error C2027: use of undefined type 'element'
C:\Users\Maksim\Documents\2 semestr\Podstawy algorytmiki\Kolokwium2_MaksymPervov_GL13\Kolokwium2_MaksymPervov_GL13.cpp(257): message : see declaration of 'element'
C:\Users\Maksim\Documents\2 semestr\Podstawy algorytmiki\Kolokwium2_MaksymPervov_GL13\Kolokwium2_MaksymPervov_GL13.cpp(581,17): error C2371: 'l': redefinition; different basic types
C:\Users\Maksim\Documents\2 semestr\Podstawy algorytmiki\Kolokwium2_MaksymPervov_GL13\Kolokwium2_MaksymPervov_GL13.cpp(576): message : see declaration of 'l'
